2022-03-13T23:04:43.193027900+08:00 - WinTun: Failed to find matching adapter name: 找不到元素。 (Code 0x00000490)
2022-03-13T23:04:48.457029200+08:00 - transfer tcp packet error, tun not supported udp
2022-03-13T23:04:48.457309300+08:00 - transfer tcp packet error, tun not supported udp
2022-03-13T23:04:48.457494200+08:00 - transfer tcp packet error, tun not supported udp
2022-03-13T23:04:48.457664+08:00 - transfer tcp packet error, tun not supported udp
2022-03-13T23:04:48.457815300+08:00 - transfer tcp packet error, tun not supported udp
2022-03-13T23:04:48.457964700+08:00 - transfer tcp packet error, tun not supported udp
2022-03-13T23:04:48.458113100+08:00 - transfer tcp packet error, tun not supported udp
2022-03-13T23:04:48.459837800+08:00 - transfer tcp packet error, tun not supported udp
2022-03-13T23:04:48.459985600+08:00 - transfer tcp packet error, tun not supported udp
2022-03-13T23:04:48.460098100+08:00 - transfer tcp packet error, tun not supported udp
2022-03-13T23:04:48.460206800+08:00 - transfer tcp packet error, tun not supported udp
2022-03-13T23:04:48.460314200+08:00 - transfer tcp packet error, tun not supported udp
2022-03-13T23:04:48.460421300+08:00 - transfer tcp packet error, tun not supported udp
2022-03-13T23:04:48.460530200+08:00 - transfer tcp packet error, tun not supported udp
2022-03-13T23:04:48.460638300+08:00 - transfer tcp packet error, tun not supported udp
2022-03-13T23:04:48.460745200+08:00 - transfer tcp packet error, tun not supported udp
2022-03-13T23:04:48.460852800+08:00 - transfer tcp packet error, tun not supported udp
2022-03-13T23:04:48.460958+08:00 - transfer tcp packet error, tun not supported udp
2022-03-13T23:04:48.461084600+08:00 - transfer tcp packet error, tun not supported udp
2022-03-13T23:04:48.461192400+08:00 - transfer tcp packet error, tun not supported udp
2022-03-13T23:04:48.461298700+08:00 - transfer tcp packet error, tun not supported udp
2022-03-13T23:04:48.461403800+08:00 - transfer tcp packet error, tun not supported udp
2022-03-13T23:04:48.461509300+08:00 - transfer tcp packet error, tun not supported udp
2022-03-13T23:04:48.461652300+08:00 - transfer tcp packet error, unsupported ipv4 protocol IGMP 
2022-03-13T23:04:48.461767800+08:00 - transfer tcp packet error, tun not supported udp
2022-03-13T23:04:48.461874900+08:00 - transfer tcp packet error, unsupported ipv4 protocol IGMP 
2022-03-13T23:04:48.461982+08:00 - transfer tcp packet error, tun not supported udp
2022-03-13T23:04:48.462087200+08:00 - transfer tcp packet error, unsupported ipv4 protocol IGMP 
2022-03-13T23:04:48.462195700+08:00 - transfer tcp packet error, unsupported ipv4 protocol IGMP 
2022-03-13T23:04:48.462302100+08:00 - transfer tcp packet error, tun not supported udp
2022-03-13T23:04:48.462408200+08:00 - transfer tcp packet error, tun not supported udp
2022-03-13T23:04:48.462513700+08:00 - transfer tcp packet error, tun not supported udp
2022-03-13T23:04:48.462619+08:00 - transfer tcp packet error, tun not supported udp
2022-03-13T23:04:48.462723+08:00 - transfer tcp packet error, tun not supported udp
2022-03-13T23:04:48.462827500+08:00 - transfer tcp packet error, tun not supported udp
2022-03-13T23:04:48.462934400+08:00 - transfer tcp packet error, unsupported ipv4 protocol IGMP 
2022-03-13T23:04:48.463041100+08:00 - transfer tcp packet error, tun not supported udp
2022-03-13T23:04:48.463145300+08:00 - transfer tcp packet error, tun not supported udp
2022-03-13T23:04:48.463247900+08:00 - transfer tcp packet error, tun not supported udp
2022-03-13T23:04:48.463352400+08:00 - transfer tcp packet error, unsupported ipv4 protocol IGMP 
2022-03-13T23:04:48.463458400+08:00 - transfer tcp packet error, tun not supported udp
2022-03-13T23:04:48.463562+08:00 - transfer tcp packet error, tun not supported udp
2022-03-13T23:04:48.463663700+08:00 - transfer tcp packet error, tun not supported udp
2022-03-13T23:04:48.463766500+08:00 - transfer tcp packet error, tun not supported udp
2022-03-13T23:04:48.463871200+08:00 - transfer tcp packet error, tun not supported udp
2022-03-13T23:04:48.464092500+08:00 - transfer tcp packet error, tun not supported udp
2022-03-13T23:04:48.464217500+08:00 - transfer tcp packet error, tun not supported udp
2022-03-13T23:04:48.464325100+08:00 - transfer tcp packet error, tun not supported udp
2022-03-13T23:04:48.839616900+08:00 - transfer tcp packet error, tun not supported udp
2022-03-13T23:04:48.839779+08:00 - transfer tcp packet error, tun not supported udp
2022-03-13T23:04:48.840044800+08:00 - transfer tcp packet error, tun not supported udp
2022-03-13T23:04:48.840214400+08:00 - transfer tcp packet error, tun not supported udp
2022-03-13T23:04:48.840560500+08:00 - transfer tcp packet error, tun not supported udp
2022-03-13T23:04:48.840655500+08:00 - transfer tcp packet error, tun not supported udp
2022-03-13T23:04:48.840867700+08:00 - transfer tcp packet error, tun not supported udp
2022-03-13T23:04:48.841026+08:00 - transfer tcp packet error, tun not supported udp
2022-03-13T23:04:48.841173900+08:00 - transfer tcp packet error, tun not supported udp
2022-03-13T23:04:48.841236800+08:00 - transfer tcp packet error, tun not supported udp
2022-03-13T23:04:48.841325600+08:00 - transfer tcp packet error, tun not supported udp
2022-03-13T23:04:48.841386500+08:00 - transfer tcp packet error, tun not supported udp
2022-03-13T23:04:48.841737100+08:00 - transfer tcp packet error, tun not supported udp
2022-03-13T23:04:48.841795700+08:00 - transfer tcp packet error, tun not supported udp
2022-03-13T23:04:49.173692600+08:00 - transfer tcp packet error, tun not supported udp
2022-03-13T23:04:49.173886400+08:00 - transfer tcp packet error, tun not supported udp
2022-03-13T23:04:49.174008700+08:00 - transfer tcp packet error, tun not supported udp
2022-03-13T23:04:49.258382900+08:00 - transfer tcp packet error, tun not supported udp
2022-03-13T23:04:49.258611100+08:00 - transfer tcp packet error, tun not supported udp
2022-03-13T23:04:49.258772200+08:00 - transfer tcp packet error, tun not supported udp
2022-03-13T23:04:49.258902300+08:00 - transfer tcp packet error, tun not supported udp
2022-03-13T23:04:49.590037500+08:00 - transfer tcp packet error, tun not supported udp
2022-03-13T23:04:49.590236400+08:00 - transfer tcp packet error, tun not supported udp
2022-03-13T23:04:49.837616100+08:00 - transfer tcp packet error, tun not supported udp
2022-03-13T23:04:49.838164700+08:00 - transfer tcp packet error, tun not supported udp
2022-03-13T23:04:49.838647200+08:00 - transfer tcp packet error, tun not supported udp
2022-03-13T23:04:49.839207200+08:00 - transfer tcp packet error, tun not supported udp
2022-03-13T23:04:49.839649+08:00 - transfer tcp packet error, tun not supported udp
2022-03-13T23:04:49.840134600+08:00 - transfer tcp packet error, tun not supported udp
2022-03-13T23:04:49.840651300+08:00 - transfer tcp packet error, tun not supported udp
2022-03-13T23:04:49.841109300+08:00 - transfer tcp packet error, tun not supported udp
2022-03-13T23:04:50.360931300+08:00 - transfer tcp packet error, tun not supported udp
2022-03-13T23:04:50.361140900+08:00 - transfer tcp packet error, tun not supported udp
2022-03-13T23:04:51.794776+08:00 - transfer tcp packet error, tun not supported udp
2022-03-13T23:04:57.876737700+08:00 - transfer tcp packet error, tun not supported udp
2022-03-13T23:04:57.876816500+08:00 - transfer tcp packet error, tun not supported udp
2022-03-13T23:04:57.877071200+08:00 - transfer tcp packet error, tun not supported udp
2022-03-13T23:04:57.877249900+08:00 - transfer tcp packet error, tun not supported udp
2022-03-13T23:04:57.877484300+08:00 - transfer tcp packet error, tun not supported udp
2022-03-13T23:04:57.877566700+08:00 - transfer tcp packet error, tun not supported udp
2022-03-13T23:04:57.877695800+08:00 - transfer tcp packet error, tun not supported udp
2022-03-13T23:04:57.877829200+08:00 - transfer tcp packet error, tun not supported udp
2022-03-13T23:04:57.877966700+08:00 - transfer tcp packet error, tun not supported udp
2022-03-13T23:04:57.878015600+08:00 - transfer tcp packet error, tun not supported udp
2022-03-13T23:04:57.878111+08:00 - transfer tcp packet error, tun not supported udp
2022-03-13T23:04:57.878151800+08:00 - transfer tcp packet error, tun not supported udp
2022-03-13T23:04:57.878377700+08:00 - transfer tcp packet error, tun not supported udp
2022-03-13T23:04:57.878425200+08:00 - transfer tcp packet error, tun not supported udp
2022-03-13T23:04:58.298616+08:00 - transfer tcp packet error, tun not supported udp
2022-03-13T23:04:58.298802300+08:00 - transfer tcp packet error, tun not supported udp
2022-03-13T23:04:58.298941800+08:00 - transfer tcp packet error, tun not supported udp
2022-03-13T23:04:58.299053600+08:00 - transfer tcp packet error, tun not supported udp
2022-03-13T23:04:58.638380900+08:00 - transfer tcp packet error, tun not supported udp
2022-03-13T23:04:58.638591800+08:00 - transfer tcp packet error, tun not supported udp
2022-03-13T23:04:58.877133700+08:00 - transfer tcp packet error, tun not supported udp
2022-03-13T23:04:58.877804700+08:00 - transfer tcp packet error, tun not supported udp
2022-03-13T23:04:58.878526100+08:00 - transfer tcp packet error, tun not supported udp
2022-03-13T23:04:58.878686400+08:00 - transfer tcp packet error, tun not supported udp
2022-03-13T23:04:58.879278200+08:00 - transfer tcp packet error, tun not supported udp
2022-03-13T23:04:58.879813+08:00 - transfer tcp packet error, tun not supported udp
2022-03-13T23:04:58.880378100+08:00 - transfer tcp packet error, tun not supported udp
2022-03-13T23:04:58.881288700+08:00 - transfer tcp packet error, tun not supported udp
2022-03-13T23:04:59.393152400+08:00 - transfer tcp packet error, tun not supported udp
2022-03-13T23:04:59.393292+08:00 - transfer tcp packet error, tun not supported udp
2022-03-13T23:05:02.908725200+08:00 - transfer tcp packet error, tun not supported udp
2022-03-13T23:05:02.908908800+08:00 - transfer tcp packet error, unsupported ipv4 protocol IGMP 
2022-03-13T23:05:02.918121500+08:00 - transfer tcp packet error, tun not supported udp
2022-03-13T23:05:02.918282600+08:00 - transfer tcp packet error, unsupported ipv4 protocol IGMP 
2022-03-13T23:05:02.919791+08:00 - transfer tcp packet error, tun not supported udp
2022-03-13T23:05:02.920109600+08:00 - transfer tcp packet error, tun not supported udp
2022-03-13T23:05:02.920642800+08:00 - transfer tcp packet error, tun not supported udp
2022-03-13T23:05:02.920844200+08:00 - transfer tcp packet error, tun not supported udp
2022-03-13T23:05:02.922125900+08:00 - transfer tcp packet error, tun not supported udp
2022-03-13T23:05:02.922546+08:00 - transfer tcp packet error, tun not supported udp
2022-03-13T23:05:02.923017500+08:00 - transfer tcp packet error, tun not supported udp
2022-03-13T23:05:02.923231100+08:00 - transfer tcp packet error, tun not supported udp
2022-03-13T23:05:03.309733600+08:00 - transfer tcp packet error, unsupported ipv4 protocol IGMP 
2022-03-13T23:05:03.310012300+08:00 - transfer tcp packet error, tun not supported udp
2022-03-13T23:05:16.687104800+08:00 - transfer tcp packet error, tun not supported udp
2022-03-13T23:05:16.799233100+08:00 - transfer tcp packet error, tun not supported udp
2022-03-13T23:05:17.000807500+08:00 - transfer tcp packet error, tun not supported udp
2022-03-13T23:05:17.405682400+08:00 - transfer tcp packet error, tun not supported udp
2022-03-13T23:05:18.217128900+08:00 - transfer tcp packet error, tun not supported udp
2022-03-13T23:05:19.821326900+08:00 - transfer tcp packet error, tun not supported udp
2022-03-13T23:05:23.025827900+08:00 - transfer tcp packet error, tun not supported udp
2022-03-13T23:05:25.264650700+08:00 - transfer tcp packet error, tun not supported udp
2022-03-13T23:05:25.321989800+08:00 - transfer tcp packet error, tun not supported udp
2022-03-13T23:05:25.538321200+08:00 - transfer tcp packet error, tun not supported udp
2022-03-13T23:05:25.952385800+08:00 - transfer tcp packet error, tun not supported udp
2022-03-13T23:05:26.766655+08:00 - transfer tcp packet error, tun not supported udp
2022-03-13T23:05:28.370353700+08:00 - transfer tcp packet error, tun not supported udp
2022-03-13T23:05:31.576181800+08:00 - transfer tcp packet error, tun not supported udp
2022-03-13T23:05:55.150468900+08:00 - transfer tcp packet error, tun not supported udp
2022-03-13T23:05:55.466190500+08:00 - transfer tcp packet error, tun not supported udp
2022-03-13T23:05:55.466435500+08:00 - transfer tcp packet error, tun not supported udp
2022-03-13T23:05:56.085778900+08:00 - transfer tcp packet error, tun not supported udp
2022-03-13T23:05:56.085983800+08:00 - transfer tcp packet error, tun not supported udp
2022-03-13T23:05:57.286060900+08:00 - transfer tcp packet error, tun not supported udp
2022-03-13T23:05:57.286301700+08:00 - transfer tcp packet error, tun not supported udp
2022-03-13T23:05:59.671118700+08:00 - transfer tcp packet error, tun not supported udp
2022-03-13T23:05:59.689710900+08:00 - transfer tcp packet error, tun not supported udp
2022-03-13T23:05:59.689917+08:00 - transfer tcp packet error, tun not supported udp
2022-03-13T23:05:59.970888100+08:00 - transfer tcp packet error, tun not supported udp
2022-03-13T23:05:59.971094800+08:00 - transfer tcp packet error, tun not supported udp
2022-03-13T23:06:00.572601+08:00 - transfer tcp packet error, tun not supported udp
2022-03-13T23:06:00.572689600+08:00 - transfer tcp packet error, tun not supported udp
2022-03-13T23:06:01.839425100+08:00 - transfer tcp packet error, tun not supported udp
2022-03-13T23:06:01.839706500+08:00 - transfer tcp packet error, tun not supported udp
2022-03-13T23:06:04.176620500+08:00 - transfer tcp packet error, tun not supported udp
2022-03-13T23:06:04.176788200+08:00 - transfer tcp packet error, tun not supported udp
2022-03-13T23:06:04.489983500+08:00 - transfer tcp packet error, tun not supported udp
2022-03-13T23:06:04.490185700+08:00 - transfer tcp packet error, tun not supported udp
2022-03-13T23:06:06.751250200+08:00 - transfer tcp packet error, tun not supported udp
2022-03-13T23:06:07.051194200+08:00 - transfer tcp packet error, tun not supported udp
2022-03-13T23:06:07.051392+08:00 - transfer tcp packet error, tun not supported udp
2022-03-13T23:06:07.651897900+08:00 - transfer tcp packet error, tun not supported udp
2022-03-13T23:06:07.652101200+08:00 - transfer tcp packet error, tun not supported udp
2022-03-13T23:06:08.853761+08:00 - transfer tcp packet error, tun not supported udp
2022-03-13T23:06:08.853950400+08:00 - transfer tcp packet error, tun not supported udp
2022-03-13T23:06:08.977902200+08:00 - transfer tcp packet error, tun not supported udp
2022-03-13T23:06:08.978094300+08:00 - transfer tcp packet error, tun not supported udp
2022-03-13T23:06:11.254824800+08:00 - transfer tcp packet error, tun not supported udp
2022-03-13T23:06:11.254905900+08:00 - transfer tcp packet error, tun not supported udp
2022-03-13T23:06:14.091766500+08:00 - transfer tcp packet error, tun not supported udp
2022-03-13T23:06:14.091840500+08:00 - transfer tcp packet error, tun not supported udp
2022-03-13T23:06:16.056558800+08:00 - transfer tcp packet error, tun not supported udp
2022-03-13T23:06:16.056740200+08:00 - transfer tcp packet error, tun not supported udp
2022-03-13T23:06:18.578510200+08:00 - transfer tcp packet error, tun not supported udp
2022-03-13T23:06:18.578588500+08:00 - transfer tcp packet error, tun not supported udp
2022-03-13T23:06:25.658727800+08:00 - transfer tcp packet error, tun not supported udp
2022-03-13T23:06:25.658935900+08:00 - transfer tcp packet error, tun not supported udp
2022-03-13T23:07:26.405965300+08:00 - transfer tcp packet error, tun not supported udp
2022-03-13T23:07:26.406157800+08:00 - transfer tcp packet error, unsupported ipv4 protocol IGMP 
2022-03-13T23:07:26.423058200+08:00 - transfer tcp packet error, tun not supported udp
2022-03-13T23:07:26.423334700+08:00 - transfer tcp packet error, unsupported ipv4 protocol IGMP 
2022-03-13T23:07:26.425258600+08:00 - transfer tcp packet error, tun not supported udp
2022-03-13T23:07:26.426148300+08:00 - transfer tcp packet error, tun not supported udp
2022-03-13T23:07:26.426992200+08:00 - transfer tcp packet error, tun not supported udp
2022-03-13T23:07:26.427232600+08:00 - transfer tcp packet error, tun not supported udp
2022-03-13T23:07:26.428557100+08:00 - transfer tcp packet error, tun not supported udp
2022-03-13T23:07:26.428967600+08:00 - transfer tcp packet error, tun not supported udp
2022-03-13T23:07:26.429487200+08:00 - transfer tcp packet error, tun not supported udp
2022-03-13T23:07:26.429714900+08:00 - transfer tcp packet error, tun not supported udp
2022-03-13T23:07:26.431046800+08:00 - transfer tcp packet error, tun not supported udp
2022-03-13T23:07:26.431288500+08:00 - transfer tcp packet error, tun not supported udp
2022-03-13T23:07:26.795740900+08:00 - transfer tcp packet error, unsupported ipv4 protocol IGMP 
2022-03-13T23:07:26.795935700+08:00 - transfer tcp packet error, tun not supported udp
2022-03-13T23:07:28.445923500+08:00 - transfer tcp packet error, tun not supported udp
2022-03-13T23:07:28.446522300+08:00 - transfer tcp packet error, tun not supported udp
2022-03-13T23:07:28.447019+08:00 - transfer tcp packet error, tun not supported udp
2022-03-13T23:07:28.447493500+08:00 - transfer tcp packet error, tun not supported udp
2022-03-13T23:07:28.448423500+08:00 - transfer tcp packet error, tun not supported udp
2022-03-13T23:07:28.448733100+08:00 - transfer tcp packet error, tun not supported udp
2022-03-13T23:07:28.449180800+08:00 - transfer tcp packet error, tun not supported udp
2022-03-13T23:07:28.449334900+08:00 - transfer tcp packet error, tun not supported udp
2022-03-13T23:07:28.449675800+08:00 - transfer tcp packet error, tun not supported udp
2022-03-13T23:07:28.450118+08:00 - transfer tcp packet error, tun not supported udp
2022-03-13T23:07:28.450263200+08:00 - transfer tcp packet error, tun not supported udp
2022-03-13T23:07:28.450463+08:00 - transfer tcp packet error, tun not supported udp
2022-03-13T23:07:28.451262+08:00 - transfer tcp packet error, tun not supported udp
2022-03-13T23:07:28.451512800+08:00 - transfer tcp packet error, tun not supported udp
2022-03-13T23:07:28.875905+08:00 - transfer tcp packet error, tun not supported udp
2022-03-13T23:07:28.876044900+08:00 - transfer tcp packet error, tun not supported udp
2022-03-13T23:07:28.876134700+08:00 - transfer tcp packet error, tun not supported udp
2022-03-13T23:07:28.876211900+08:00 - transfer tcp packet error, tun not supported udp
2022-03-13T23:07:29.215894600+08:00 - transfer tcp packet error, tun not supported udp
2022-03-13T23:07:29.216112500+08:00 - transfer tcp packet error, tun not supported udp
2022-03-13T23:07:29.455807200+08:00 - transfer tcp packet error, tun not supported udp
2022-03-13T23:07:29.456079300+08:00 - transfer tcp packet error, tun not supported udp
2022-03-13T23:07:29.456339+08:00 - transfer tcp packet error, tun not supported udp
2022-03-13T23:07:29.456572900+08:00 - transfer tcp packet error, tun not supported udp
2022-03-13T23:07:29.456732300+08:00 - transfer tcp packet error, tun not supported udp
2022-03-13T23:07:29.456893200+08:00 - transfer tcp packet error, tun not supported udp
2022-03-13T23:07:29.975481600+08:00 - transfer tcp packet error, tun not supported udp
2022-03-13T23:07:29.975682500+08:00 - transfer tcp packet error, tun not supported udp
2022-03-13T23:07:37.475687900+08:00 - transfer tcp packet error, tun not supported udp
2022-03-13T23:07:37.476144200+08:00 - transfer tcp packet error, tun not supported udp
2022-03-13T23:07:37.476695600+08:00 - transfer tcp packet error, tun not supported udp
2022-03-13T23:07:37.477228600+08:00 - transfer tcp packet error, tun not supported udp
2022-03-13T23:07:37.478304400+08:00 - transfer tcp packet error, tun not supported udp
2022-03-13T23:07:37.478559800+08:00 - transfer tcp packet error, tun not supported udp
2022-03-13T23:07:37.479051800+08:00 - transfer tcp packet error, tun not supported udp
2022-03-13T23:07:37.479567300+08:00 - transfer tcp packet error, tun not supported udp
2022-03-13T23:07:37.479912400+08:00 - transfer tcp packet error, tun not supported udp
2022-03-13T23:07:37.480084100+08:00 - transfer tcp packet error, tun not supported udp
2022-03-13T23:07:37.480333500+08:00 - transfer tcp packet error, tun not supported udp
2022-03-13T23:07:37.480494+08:00 - transfer tcp packet error, tun not supported udp
2022-03-13T23:07:37.481545800+08:00 - transfer tcp packet error, tun not supported udp
2022-03-13T23:07:37.481803700+08:00 - transfer tcp packet error, tun not supported udp
2022-03-13T23:07:37.906071900+08:00 - transfer tcp packet error, tun not supported udp
2022-03-13T23:07:37.906315+08:00 - transfer tcp packet error, tun not supported udp
2022-03-13T23:07:37.906483600+08:00 - transfer tcp packet error, tun not supported udp
2022-03-13T23:07:37.906603700+08:00 - transfer tcp packet error, tun not supported udp
2022-03-13T23:07:38.245689300+08:00 - transfer tcp packet error, tun not supported udp
2022-03-13T23:07:38.245893300+08:00 - transfer tcp packet error, tun not supported udp
2022-03-13T23:07:38.486171200+08:00 - transfer tcp packet error, tun not supported udp
2022-03-13T23:07:38.486977700+08:00 - transfer tcp packet error, tun not supported udp
2022-03-13T23:07:38.488298700+08:00 - transfer tcp packet error, tun not supported udp
2022-03-13T23:07:38.488805300+08:00 - transfer tcp packet error, tun not supported udp
2022-03-13T23:07:38.489311300+08:00 - transfer tcp packet error, tun not supported udp
2022-03-13T23:07:38.489833700+08:00 - transfer tcp packet error, tun not supported udp
2022-03-13T23:07:38.490321900+08:00 - transfer tcp packet error, tun not supported udp
2022-03-13T23:07:38.490942200+08:00 - transfer tcp packet error, tun not supported udp
2022-03-13T23:07:39.005690900+08:00 - transfer tcp packet error, tun not supported udp
2022-03-13T23:07:39.005893+08:00 - transfer tcp packet error, tun not supported udp
2022-03-13T23:11:18.092703800+08:00 - transfer tcp packet error, tun not supported udp
2022-03-13T23:11:18.092913600+08:00 - transfer tcp packet error, unsupported ipv4 protocol IGMP 
2022-03-13T23:11:18.106107100+08:00 - transfer tcp packet error, tun not supported udp
2022-03-13T23:11:18.106304800+08:00 - transfer tcp packet error, unsupported ipv4 protocol IGMP 
2022-03-13T23:11:18.108104800+08:00 - transfer tcp packet error, tun not supported udp
2022-03-13T23:11:18.109152+08:00 - transfer tcp packet error, tun not supported udp
2022-03-13T23:11:18.110094600+08:00 - transfer tcp packet error, tun not supported udp
2022-03-13T23:11:18.110349700+08:00 - transfer tcp packet error, tun not supported udp
2022-03-13T23:11:18.111410+08:00 - transfer tcp packet error, tun not supported udp
2022-03-13T23:11:18.111932500+08:00 - transfer tcp packet error, tun not supported udp
2022-03-13T23:11:18.112511200+08:00 - transfer tcp packet error, tun not supported udp
2022-03-13T23:11:18.112720400+08:00 - transfer tcp packet error, tun not supported udp
2022-03-13T23:11:18.286939600+08:00 - transfer tcp packet error, unsupported ipv4 protocol IGMP 
2022-03-13T23:11:18.287129300+08:00 - transfer tcp packet error, tun not supported udp
2022-03-13T23:11:36.113963400+08:00 - transfer tcp packet error, tun not supported udp
2022-03-13T23:11:36.114161800+08:00 - transfer tcp packet error, unsupported ipv4 protocol IGMP 
2022-03-13T23:11:36.126593100+08:00 - transfer tcp packet error, tun not supported udp
2022-03-13T23:11:36.126858600+08:00 - transfer tcp packet error, unsupported ipv4 protocol IGMP 
2022-03-13T23:11:36.128494400+08:00 - transfer tcp packet error, tun not supported udp
2022-03-13T23:11:36.128989300+08:00 - transfer tcp packet error, tun not supported udp
2022-03-13T23:11:36.129521400+08:00 - transfer tcp packet error, tun not supported udp
2022-03-13T23:11:36.129806700+08:00 - transfer tcp packet error, tun not supported udp
2022-03-13T23:11:36.131079600+08:00 - transfer tcp packet error, tun not supported udp
2022-03-13T23:11:36.131568900+08:00 - transfer tcp packet error, tun not supported udp
2022-03-13T23:11:36.132178+08:00 - transfer tcp packet error, tun not supported udp
2022-03-13T23:11:36.132471400+08:00 - transfer tcp packet error, tun not supported udp
2022-03-13T23:11:36.302273800+08:00 - transfer tcp packet error, unsupported ipv4 protocol IGMP 
2022-03-13T23:11:36.302412200+08:00 - transfer tcp packet error, tun not supported udp
2022-03-13T23:11:39.583587600+08:00 - transfer tcp packet error, tun not supported udp
2022-03-13T23:11:39.583785600+08:00 - transfer tcp packet error, unsupported ipv4 protocol IGMP 
2022-03-13T23:11:39.596665600+08:00 - transfer tcp packet error, tun not supported udp
2022-03-13T23:11:39.596870800+08:00 - transfer tcp packet error, unsupported ipv4 protocol IGMP 
2022-03-13T23:11:39.598261500+08:00 - transfer tcp packet error, tun not supported udp
2022-03-13T23:11:39.598781500+08:00 - transfer tcp packet error, tun not supported udp
2022-03-13T23:11:39.599358700+08:00 - transfer tcp packet error, tun not supported udp
2022-03-13T23:11:39.599619300+08:00 - transfer tcp packet error, tun not supported udp
2022-03-13T23:11:39.601306700+08:00 - transfer tcp packet error, tun not supported udp
2022-03-13T23:11:39.601923600+08:00 - transfer tcp packet error, tun not supported udp
2022-03-13T23:11:39.602476300+08:00 - transfer tcp packet error, tun not supported udp
2022-03-13T23:11:39.602743600+08:00 - transfer tcp packet error, tun not supported udp
2022-03-13T23:11:39.792492500+08:00 - transfer tcp packet error, unsupported ipv4 protocol IGMP 
2022-03-13T23:11:39.792585900+08:00 - transfer tcp packet error, tun not supported udp
2022-03-13T23:11:41.603325200+08:00 - transfer tcp packet error, tun not supported udp
2022-03-13T23:11:41.603745100+08:00 - transfer tcp packet error, tun not supported udp
2022-03-13T23:11:41.604438400+08:00 - transfer tcp packet error, tun not supported udp
2022-03-13T23:11:41.604989600+08:00 - transfer tcp packet error, tun not supported udp
2022-03-13T23:11:41.606015+08:00 - transfer tcp packet error, tun not supported udp
2022-03-13T23:11:41.606316600+08:00 - transfer tcp packet error, tun not supported udp
2022-03-13T23:11:41.606795100+08:00 - transfer tcp packet error, tun not supported udp
2022-03-13T23:11:41.606944700+08:00 - transfer tcp packet error, tun not supported udp
2022-03-13T23:11:41.607370900+08:00 - transfer tcp packet error, tun not supported udp
2022-03-13T23:11:41.607749900+08:00 - transfer tcp packet error, tun not supported udp
2022-03-13T23:11:41.607903300+08:00 - transfer tcp packet error, tun not supported udp
2022-03-13T23:11:41.608017800+08:00 - transfer tcp packet error, tun not supported udp
2022-03-13T23:11:41.608828800+08:00 - transfer tcp packet error, tun not supported udp
2022-03-13T23:11:41.609016900+08:00 - transfer tcp packet error, tun not supported udp
2022-03-13T23:11:42.012945+08:00 - transfer tcp packet error, tun not supported udp
2022-03-13T23:11:42.013377200+08:00 - transfer tcp packet error, tun not supported udp
2022-03-13T23:11:42.013562200+08:00 - transfer tcp packet error, tun not supported udp
2022-03-13T23:11:42.013916800+08:00 - transfer tcp packet error, tun not supported udp
2022-03-13T23:11:42.372780200+08:00 - transfer tcp packet error, tun not supported udp
2022-03-13T23:11:42.373056400+08:00 - transfer tcp packet error, tun not supported udp
2022-03-13T23:11:42.612636400+08:00 - transfer tcp packet error, tun not supported udp
2022-03-13T23:11:42.613040900+08:00 - transfer tcp packet error, tun not supported udp
2022-03-13T23:11:42.613768+08:00 - transfer tcp packet error, tun not supported udp
2022-03-13T23:11:42.614213+08:00 - transfer tcp packet error, tun not supported udp
2022-03-13T23:11:42.614620400+08:00 - transfer tcp packet error, tun not supported udp
2022-03-13T23:11:42.614968800+08:00 - transfer tcp packet error, tun not supported udp
2022-03-13T23:11:43.133096800+08:00 - transfer tcp packet error, tun not supported udp
2022-03-13T23:11:43.133273+08:00 - transfer tcp packet error, tun not supported udp
2022-03-13T23:11:50.632865500+08:00 - transfer tcp packet error, tun not supported udp
2022-03-13T23:11:50.633080800+08:00 - transfer tcp packet error, tun not supported udp
2022-03-13T23:11:50.633661600+08:00 - transfer tcp packet error, tun not supported udp
2022-03-13T23:11:50.634290900+08:00 - transfer tcp packet error, tun not supported udp
2022-03-13T23:11:50.635362400+08:00 - transfer tcp packet error, tun not supported udp
2022-03-13T23:11:50.635719800+08:00 - transfer tcp packet error, tun not supported udp
2022-03-13T23:11:50.636196700+08:00 - transfer tcp packet error, tun not supported udp
2022-03-13T23:11:50.636337800+08:00 - transfer tcp packet error, tun not supported udp
2022-03-13T23:11:50.636837+08:00 - transfer tcp packet error, tun not supported udp
2022-03-13T23:11:50.637325500+08:00 - transfer tcp packet error, tun not supported udp
2022-03-13T23:11:50.637538200+08:00 - transfer tcp packet error, tun not supported udp
2022-03-13T23:11:50.637805300+08:00 - transfer tcp packet error, tun not supported udp
2022-03-13T23:11:50.638350400+08:00 - transfer tcp packet error, tun not supported udp
2022-03-13T23:11:50.638613900+08:00 - transfer tcp packet error, tun not supported udp
2022-03-13T23:11:51.051361700+08:00 - transfer tcp packet error, tun not supported udp
2022-03-13T23:11:51.051561700+08:00 - transfer tcp packet error, tun not supported udp
2022-03-13T23:11:51.051687100+08:00 - transfer tcp packet error, tun not supported udp
2022-03-13T23:11:51.051802500+08:00 - transfer tcp packet error, tun not supported udp
2022-03-13T23:11:51.392954800+08:00 - transfer tcp packet error, tun not supported udp
2022-03-13T23:11:51.393158200+08:00 - transfer tcp packet error, tun not supported udp
2022-03-13T23:11:51.652797200+08:00 - transfer tcp packet error, tun not supported udp
2022-03-13T23:11:51.653563800+08:00 - transfer tcp packet error, tun not supported udp
2022-03-13T23:11:51.654605100+08:00 - transfer tcp packet error, tun not supported udp
2022-03-13T23:11:51.655087300+08:00 - transfer tcp packet error, tun not supported udp
2022-03-13T23:11:51.655583500+08:00 - transfer tcp packet error, tun not supported udp
2022-03-13T23:11:51.656035700+08:00 - transfer tcp packet error, tun not supported udp
2022-03-13T23:11:52.152922600+08:00 - transfer tcp packet error, tun not supported udp
2022-03-13T23:11:52.153119700+08:00 - transfer tcp packet error, tun not supported udp
2022-03-13T23:16:07.886850300+08:00 - transfer tcp packet error, tun not supported udp
2022-03-13T23:16:07.887583600+08:00 - transfer tcp packet error, tun not supported udp
2022-03-13T23:16:07.888468300+08:00 - transfer tcp packet error, tun not supported udp
2022-03-13T23:16:07.888897100+08:00 - transfer tcp packet error, tun not supported udp
2022-03-13T23:16:07.891732100+08:00 - transfer tcp packet error, tun not supported udp
2022-03-13T23:16:07.892060200+08:00 - transfer tcp packet error, tun not supported udp
2022-03-13T23:16:07.892545400+08:00 - transfer tcp packet error, tun not supported udp
2022-03-13T23:16:07.893337+08:00 - transfer tcp packet error, tun not supported udp
2022-03-13T23:16:07.893702800+08:00 - transfer tcp packet error, tun not supported udp
2022-03-13T23:16:07.894699200+08:00 - transfer tcp packet error, tun not supported udp
2022-03-13T23:16:07.894954900+08:00 - transfer tcp packet error, tun not supported udp
2022-03-13T23:16:07.895485100+08:00 - transfer tcp packet error, tun not supported udp
2022-03-13T23:16:07.895675200+08:00 - transfer tcp packet error, tun not supported udp
2022-03-13T23:16:08.313222200+08:00 - transfer tcp packet error, tun not supported udp
2022-03-13T23:16:08.313454600+08:00 - transfer tcp packet error, tun not supported udp
2022-03-13T23:16:08.313617600+08:00 - transfer tcp packet error, tun not supported udp
2022-03-13T23:16:08.313759200+08:00 - transfer tcp packet error, tun not supported udp
2022-03-13T23:16:08.653012200+08:00 - transfer tcp packet error, tun not supported udp
2022-03-13T23:16:08.889544800+08:00 - transfer tcp packet error, tun not supported udp
2022-03-13T23:16:08.889843100+08:00 - transfer tcp packet error, tun not supported udp
2022-03-13T23:16:08.890142300+08:00 - transfer tcp packet error, tun not supported udp
2022-03-13T23:16:08.890389100+08:00 - transfer tcp packet error, tun not supported udp
2022-03-13T23:16:08.890601700+08:00 - transfer tcp packet error, tun not supported udp
2022-03-13T23:16:08.890776200+08:00 - transfer tcp packet error, tun not supported udp
2022-03-13T23:16:08.913087800+08:00 - transfer tcp packet error, tun not supported udp
2022-03-13T23:16:08.913343700+08:00 - transfer tcp packet error, tun not supported udp
2022-03-13T23:16:09.413200800+08:00 - transfer tcp packet error, tun not supported udp
2022-03-13T23:16:11.033479+08:00 - transfer tcp packet error, tun not supported udp
2022-03-13T23:16:11.033664600+08:00 - transfer tcp packet error, tun not supported udp
2022-03-13T23:16:11.033882300+08:00 - transfer tcp packet error, tun not supported udp
2022-03-13T23:16:11.034051200+08:00 - transfer tcp packet error, tun not supported udp
2022-03-13T23:16:11.034961800+08:00 - transfer tcp packet error, tun not supported udp
2022-03-13T23:16:11.035078300+08:00 - transfer tcp packet error, tun not supported udp
2022-03-13T23:16:11.035216600+08:00 - transfer tcp packet error, tun not supported udp
2022-03-13T23:16:11.035471600+08:00 - transfer tcp packet error, tun not supported udp
2022-03-13T23:16:11.035557300+08:00 - transfer tcp packet error, tun not supported udp
2022-03-13T23:16:11.035892800+08:00 - transfer tcp packet error, tun not supported udp
2022-03-13T23:16:11.035942100+08:00 - transfer tcp packet error, tun not supported udp
2022-03-13T23:16:11.036125400+08:00 - transfer tcp packet error, tun not supported udp
2022-03-13T23:16:11.036179600+08:00 - transfer tcp packet error, tun not supported udp
2022-03-13T23:16:11.462829400+08:00 - transfer tcp packet error, tun not supported udp
2022-03-13T23:16:11.463023300+08:00 - transfer tcp packet error, tun not supported udp
2022-03-13T23:16:11.463143900+08:00 - transfer tcp packet error, tun not supported udp
2022-03-13T23:16:11.463254900+08:00 - transfer tcp packet error, tun not supported udp
2022-03-13T23:16:11.803316200+08:00 - transfer tcp packet error, tun not supported udp
2022-03-13T23:16:12.038323200+08:00 - transfer tcp packet error, tun not supported udp
2022-03-13T23:16:12.038782200+08:00 - transfer tcp packet error, tun not supported udp
2022-03-13T23:16:12.573288700+08:00 - transfer tcp packet error, tun not supported udp
2022-03-13T23:16:13.422737300+08:00 - transfer tcp packet error, tun not supported udp
2022-03-13T23:16:13.422887900+08:00 - transfer tcp packet error, tun not supported udp
2022-03-13T23:16:13.423151+08:00 - transfer tcp packet error, tun not supported udp
2022-03-13T23:16:13.423324300+08:00 - transfer tcp packet error, tun not supported udp
2022-03-13T23:16:13.424237600+08:00 - transfer tcp packet error, tun not supported udp
2022-03-13T23:16:13.424347900+08:00 - transfer tcp packet error, tun not supported udp
2022-03-13T23:16:13.424459600+08:00 - transfer tcp packet error, tun not supported udp
2022-03-13T23:16:13.424716900+08:00 - transfer tcp packet error, tun not supported udp
2022-03-13T23:16:13.424817400+08:00 - transfer tcp packet error, tun not supported udp
2022-03-13T23:16:13.425142900+08:00 - transfer tcp packet error, tun not supported udp
2022-03-13T23:16:13.425211800+08:00 - transfer tcp packet error, tun not supported udp
2022-03-13T23:16:13.425397600+08:00 - transfer tcp packet error, tun not supported udp
2022-03-13T23:16:13.425446400+08:00 - transfer tcp packet error, tun not supported udp
2022-03-13T23:16:13.842806100+08:00 - transfer tcp packet error, tun not supported udp
2022-03-13T23:16:13.843000400+08:00 - transfer tcp packet error, tun not supported udp
2022-03-13T23:16:13.843125200+08:00 - transfer tcp packet error, tun not supported udp
2022-03-13T23:16:13.843240500+08:00 - transfer tcp packet error, tun not supported udp
2022-03-13T23:16:14.182876200+08:00 - transfer tcp packet error, tun not supported udp
2022-03-13T23:16:14.423067300+08:00 - transfer tcp packet error, tun not supported udp
2022-03-13T23:16:14.423400200+08:00 - transfer tcp packet error, tun not supported udp
2022-03-13T23:16:14.423716700+08:00 - transfer tcp packet error, tun not supported udp
2022-03-13T23:16:14.424006700+08:00 - transfer tcp packet error, tun not supported udp
2022-03-13T23:16:14.943007100+08:00 - transfer tcp packet error, tun not supported udp
2022-03-13T23:16:16.297255800+08:00 - transfer tcp packet error, tun not supported udp
2022-03-13T23:16:16.297589600+08:00 - transfer tcp packet error, tun not supported udp
2022-03-13T23:16:16.298147300+08:00 - transfer tcp packet error, tun not supported udp
2022-03-13T23:16:16.298455100+08:00 - transfer tcp packet error, tun not supported udp
2022-03-13T23:16:16.300370200+08:00 - transfer tcp packet error, tun not supported udp
2022-03-13T23:16:16.300555600+08:00 - transfer tcp packet error, tun not supported udp
2022-03-13T23:16:16.300885600+08:00 - transfer tcp packet error, tun not supported udp
2022-03-13T23:16:16.301522600+08:00 - transfer tcp packet error, tun not supported udp
2022-03-13T23:16:16.301890200+08:00 - transfer tcp packet error, tun not supported udp
2022-03-13T23:16:16.302656100+08:00 - transfer tcp packet error, tun not supported udp
2022-03-13T23:16:16.302839800+08:00 - transfer tcp packet error, tun not supported udp
2022-03-13T23:16:16.303214700+08:00 - transfer tcp packet error, tun not supported udp
2022-03-13T23:16:16.303378800+08:00 - transfer tcp packet error, tun not supported udp
2022-03-13T23:16:16.723061900+08:00 - transfer tcp packet error, tun not supported udp
2022-03-13T23:16:16.723293900+08:00 - transfer tcp packet error, tun not supported udp
2022-03-13T23:16:16.723455300+08:00 - transfer tcp packet error, tun not supported udp
2022-03-13T23:16:16.723603600+08:00 - transfer tcp packet error, tun not supported udp
2022-03-13T23:16:17.043182+08:00 - transfer tcp packet error, tun not supported udp
2022-03-13T23:16:17.302843800+08:00 - transfer tcp packet error, tun not supported udp
2022-03-13T23:16:17.303434200+08:00 - transfer tcp packet error, tun not supported udp
2022-03-13T23:16:17.303959400+08:00 - transfer tcp packet error, tun not supported udp
2022-03-13T23:16:17.304422+08:00 - transfer tcp packet error, tun not supported udp
2022-03-13T23:16:17.304936700+08:00 - transfer tcp packet error, tun not supported udp
2022-03-13T23:16:17.305407300+08:00 - transfer tcp packet error, tun not supported udp
2022-03-13T23:16:17.305894200+08:00 - transfer tcp packet error, tun not supported udp
2022-03-13T23:16:17.306450600+08:00 - transfer tcp packet error, tun not supported udp
2022-03-13T23:16:17.803240800+08:00 - transfer tcp packet error, tun not supported udp
2022-03-13T23:18:41.136209200+08:00 - WinTun: Failed to create private namespace: 拒绝访问。 (Code 0x00000005)
2022-03-13T23:18:41.136870700+08:00 - WinTun: Failed to take device installation mutex: 拒绝访问。 (Code 0x00000005)
2022-03-13T23:18:41.137199700+08:00 - WinTun: Failed to create private namespace: 拒绝访问。 (Code 0x00000005)
2022-03-13T23:18:41.137264900+08:00 - WinTun: Failed to take device installation mutex: 拒绝访问。 (Code 0x00000005)
2022-03-13T23:18:41.137302+08:00 - WinTun: Failed to create private namespace: 拒绝访问。 (Code 0x00000005)
2022-03-13T23:18:41.137369900+08:00 - create windows tun error, create wintun adapter error
2022-03-13T23:18:41.137401200+08:00 - WinTun: Failed to take device installation mutex: 拒绝访问。 (Code 0x00000005)
2022-03-13T23:18:41.137511800+08:00 - Error accepting new client: 一个封锁操作被对 WSACancelBlockingCall 的调用中断。 (os error 10004)
2022-03-13T23:19:03.025422+08:00 - WinTun: Failed to create private namespace: 拒绝访问。 (Code 0x00000005)
2022-03-13T23:19:03.025904300+08:00 - WinTun: Failed to take device installation mutex: 拒绝访问。 (Code 0x00000005)
2022-03-13T23:19:03.026144100+08:00 - WinTun: Failed to create private namespace: 拒绝访问。 (Code 0x00000005)
2022-03-13T23:19:03.026244100+08:00 - WinTun: Failed to take device installation mutex: 拒绝访问。 (Code 0x00000005)
2022-03-13T23:19:03.026301700+08:00 - WinTun: Failed to create private namespace: 拒绝访问。 (Code 0x00000005)
2022-03-13T23:19:03.026358500+08:00 - WinTun: Failed to take device installation mutex: 拒绝访问。 (Code 0x00000005)
2022-03-13T23:19:03.026424700+08:00 - create windows tun error, create wintun adapter error
2022-03-13T23:19:03.026494+08:00 - WinTun: Failed to create private namespace: 拒绝访问。 (Code 0x00000005)
2022-03-13T23:19:03.026557500+08:00 - WinTun: Failed to take device installation mutex: 拒绝访问。 (Code 0x00000005)
2022-03-13T23:19:03.026588400+08:00 - Error accepting new client: 一个封锁操作被对 WSACancelBlockingCall 的调用中断。 (os error 10004)
2022-03-13T23:19:28.671704900+08:00 - WinTun: Failed to create private namespace: 拒绝访问。 (Code 0x00000005)
2022-03-13T23:19:28.672268800+08:00 - WinTun: Failed to take device installation mutex: 拒绝访问。 (Code 0x00000005)
2022-03-13T23:19:28.672513700+08:00 - WinTun: Failed to create private namespace: 拒绝访问。 (Code 0x00000005)
2022-03-13T23:19:28.672652400+08:00 - WinTun: Failed to take device installation mutex: 拒绝访问。 (Code 0x00000005)
2022-03-13T23:19:28.672687900+08:00 - WinTun: Failed to create private namespace: 拒绝访问。 (Code 0x00000005)
2022-03-13T23:19:28.672758+08:00 - WinTun: Failed to take device installation mutex: 拒绝访问。 (Code 0x00000005)
2022-03-13T23:19:28.672834+08:00 - WinTun: Failed to create private namespace: 拒绝访问。 (Code 0x00000005)
2022-03-13T23:19:28.672869+08:00 - create windows tun error, create wintun adapter error
2022-03-13T23:19:28.672912800+08:00 - WinTun: Failed to take device installation mutex: 拒绝访问。 (Code 0x00000005)
2022-03-13T23:19:28.672998300+08:00 - Error accepting new client: 一个封锁操作被对 WSACancelBlockingCall 的调用中断。 (os error 10004)
2022-03-13T23:20:01.474507100+08:00 - WinTun: Failed to create private namespace: 拒绝访问。 (Code 0x00000005)
2022-03-13T23:20:01.475056300+08:00 - WinTun: Failed to take device installation mutex: 拒绝访问。 (Code 0x00000005)
2022-03-13T23:20:01.475300900+08:00 - WinTun: Failed to create private namespace: 拒绝访问。 (Code 0x00000005)
2022-03-13T23:20:01.475364300+08:00 - WinTun: Failed to take device installation mutex: 拒绝访问。 (Code 0x00000005)
2022-03-13T23:20:01.475430500+08:00 - create windows tun error, create wintun adapter error
2022-03-13T23:20:01.475493500+08:00 - WinTun: Failed to create private namespace: 拒绝访问。 (Code 0x00000005)
2022-03-13T23:22:06.432857500+08:00 - WinTun: Failed to find matching adapter name: 找不到元素。 (Code 0x00000490)
2022-03-13T23:22:11.711446200+08:00 - transfer tcp packet error, tun not supported udp
2022-03-13T23:22:11.711544800+08:00 - transfer tcp packet error, tun not supported udp
2022-03-13T23:22:11.711595300+08:00 - transfer tcp packet error, tun not supported udp
2022-03-13T23:22:11.711642900+08:00 - transfer tcp packet error, tun not supported udp
2022-03-13T23:22:11.711690900+08:00 - transfer tcp packet error, tun not supported udp
2022-03-13T23:22:11.711738300+08:00 - transfer tcp packet error, tun not supported udp
2022-03-13T23:22:11.711784900+08:00 - transfer tcp packet error, tun not supported udp
2022-03-13T23:22:11.711831900+08:00 - transfer tcp packet error, tun not supported udp
2022-03-13T23:22:11.711878600+08:00 - transfer tcp packet error, tun not supported udp
2022-03-13T23:22:11.711923600+08:00 - transfer tcp packet error, tun not supported udp
2022-03-13T23:22:11.711968100+08:00 - transfer tcp packet error, tun not supported udp
2022-03-13T23:22:11.712013400+08:00 - transfer tcp packet error, tun not supported udp
2022-03-13T23:22:11.712058300+08:00 - transfer tcp packet error, tun not supported udp
2022-03-13T23:22:11.712103800+08:00 - transfer tcp packet error, tun not supported udp
2022-03-13T23:22:11.712219300+08:00 - transfer tcp packet error, tun not supported udp
2022-03-13T23:22:11.712277700+08:00 - transfer tcp packet error, tun not supported udp
2022-03-13T23:22:11.712322700+08:00 - transfer tcp packet error, tun not supported udp
2022-03-13T23:22:11.712365100+08:00 - transfer tcp packet error, tun not supported udp
2022-03-13T23:22:11.712415700+08:00 - transfer tcp packet error, tun not supported udp
2022-03-13T23:22:11.712458800+08:00 - transfer tcp packet error, tun not supported udp
2022-03-13T23:22:11.712501+08:00 - transfer tcp packet error, tun not supported udp
2022-03-13T23:22:11.712542400+08:00 - transfer tcp packet error, tun not supported udp
2022-03-13T23:22:11.712584800+08:00 - transfer tcp packet error, tun not supported udp
2022-03-13T23:22:11.712649+08:00 - transfer tcp packet error, tun not supported udp
2022-03-13T23:22:11.712697800+08:00 - transfer tcp packet error, tun not supported udp
2022-03-13T23:22:11.712746100+08:00 - transfer tcp packet error, tun not supported udp
2022-03-13T23:22:11.712828600+08:00 - transfer tcp packet error, unsupported ipv4 protocol IGMP 
2022-03-13T23:22:11.712884600+08:00 - transfer tcp packet error, tun not supported udp
2022-03-13T23:22:11.712934900+08:00 - transfer tcp packet error, unsupported ipv4 protocol IGMP 
2022-03-13T23:22:11.712984400+08:00 - transfer tcp packet error, tun not supported udp
2022-03-13T23:22:11.713033500+08:00 - transfer tcp packet error, tun not supported udp
2022-03-13T23:22:11.713082400+08:00 - transfer tcp packet error, unsupported ipv4 protocol IGMP 
2022-03-13T23:22:11.713132400+08:00 - transfer tcp packet error, unsupported ipv4 protocol IGMP 
2022-03-13T23:22:11.713483500+08:00 - transfer tcp packet error, tun not supported udp
2022-03-13T23:22:11.713541900+08:00 - transfer tcp packet error, tun not supported udp
2022-03-13T23:22:11.713672200+08:00 - transfer tcp packet error, tun not supported udp
2022-03-13T23:22:11.713766800+08:00 - transfer tcp packet error, tun not supported udp
2022-03-13T23:22:11.713821600+08:00 - transfer tcp packet error, tun not supported udp
2022-03-13T23:22:11.713871800+08:00 - transfer tcp packet error, tun not supported udp
2022-03-13T23:22:11.713921400+08:00 - transfer tcp packet error, unsupported ipv4 protocol IGMP 
2022-03-13T23:22:11.714071200+08:00 - transfer tcp packet error, unsupported ipv4 protocol IGMP 
2022-03-13T23:22:11.714127500+08:00 - transfer tcp packet error, tun not supported udp
2022-03-13T23:22:11.714279500+08:00 - transfer tcp packet error, tun not supported udp
2022-03-13T23:22:11.848183200+08:00 - transfer tcp packet error, tun not supported udp
2022-03-13T23:22:11.848773400+08:00 - transfer tcp packet error, tun not supported udp
2022-03-13T23:22:11.849544200+08:00 - transfer tcp packet error, tun not supported udp
2022-03-13T23:22:11.850065300+08:00 - transfer tcp packet error, tun not supported udp
2022-03-13T23:22:11.850280300+08:00 - transfer tcp packet error, tun not supported udp
2022-03-13T23:22:11.850802800+08:00 - transfer tcp packet error, tun not supported udp
2022-03-13T23:22:12.260294500+08:00 - transfer tcp packet error, tun not supported udp
2022-03-13T23:22:12.260523900+08:00 - transfer tcp packet error, tun not supported udp
2022-03-13T23:22:12.846161300+08:00 - transfer tcp packet error, tun not supported udp
2022-03-13T23:22:12.846699+08:00 - transfer tcp packet error, tun not supported udp
2022-03-13T23:22:12.847223400+08:00 - transfer tcp packet error, tun not supported udp
2022-03-13T23:22:14.803328+08:00 - transfer tcp packet error, tun not supported udp
2022-03-13T23:22:20.872835700+08:00 - transfer tcp packet error, tun not supported udp
2022-03-13T23:22:20.873869800+08:00 - transfer tcp packet error, tun not supported udp
2022-03-13T23:22:20.875427700+08:00 - transfer tcp packet error, tun not supported udp
2022-03-13T23:22:20.876446600+08:00 - transfer tcp packet error, tun not supported udp
2022-03-13T23:22:20.876911200+08:00 - transfer tcp packet error, tun not supported udp
2022-03-13T23:22:20.877886700+08:00 - transfer tcp packet error, tun not supported udp
2022-03-13T23:22:21.279326600+08:00 - transfer tcp packet error, tun not supported udp
2022-03-13T23:22:21.294975400+08:00 - transfer tcp packet error, tun not supported udp
2022-03-13T23:22:21.865722400+08:00 - transfer tcp packet error, tun not supported udp
2022-03-13T23:22:21.866748600+08:00 - transfer tcp packet error, tun not supported udp
2022-03-13T23:26:23.269085200+08:00 - WinTun: Failed to find matching adapter name: 找不到元素。 (Code 0x00000490)
2022-03-13T23:26:28.580004700+08:00 - transfer tcp packet error, tun not supported udp
2022-03-13T23:26:28.580108300+08:00 - transfer tcp packet error, tun not supported udp
2022-03-13T23:26:28.580149400+08:00 - transfer tcp packet error, tun not supported udp
2022-03-13T23:26:28.580179200+08:00 - transfer tcp packet error, tun not supported udp
2022-03-13T23:26:28.580209+08:00 - transfer tcp packet error, tun not supported udp
2022-03-13T23:26:28.580237600+08:00 - transfer tcp packet error, tun not supported udp
2022-03-13T23:26:28.580271400+08:00 - transfer tcp packet error, tun not supported udp
2022-03-13T23:26:28.580302+08:00 - transfer tcp packet error, tun not supported udp
2022-03-13T23:26:28.580331200+08:00 - transfer tcp packet error, tun not supported udp
2022-03-13T23:26:28.580366700+08:00 - transfer tcp packet error, tun not supported udp
2022-03-13T23:26:28.580398100+08:00 - transfer tcp packet error, tun not supported udp
2022-03-13T23:26:28.580427400+08:00 - transfer tcp packet error, tun not supported udp
2022-03-13T23:26:28.580453800+08:00 - transfer tcp packet error, tun not supported udp
2022-03-13T23:26:28.580480900+08:00 - transfer tcp packet error, tun not supported udp
2022-03-13T23:26:28.580510+08:00 - transfer tcp packet error, tun not supported udp
2022-03-13T23:26:28.580538200+08:00 - transfer tcp packet error, tun not supported udp
2022-03-13T23:26:28.580570500+08:00 - transfer tcp packet error, tun not supported udp
2022-03-13T23:26:28.580601300+08:00 - transfer tcp packet error, tun not supported udp
2022-03-13T23:26:28.580631100+08:00 - transfer tcp packet error, tun not supported udp
2022-03-13T23:26:28.580661900+08:00 - transfer tcp packet error, tun not supported udp
2022-03-13T23:26:28.580695300+08:00 - transfer tcp packet error, tun not supported udp
2022-03-13T23:26:28.580727100+08:00 - transfer tcp packet error, tun not supported udp
2022-03-13T23:26:28.580760100+08:00 - transfer tcp packet error, tun not supported udp
2022-03-13T23:26:28.580793100+08:00 - transfer tcp packet error, tun not supported udp
2022-03-13T23:26:28.580866900+08:00 - transfer tcp packet error, unsupported ipv4 protocol IGMP 
2022-03-13T23:26:28.580903600+08:00 - transfer tcp packet error, tun not supported udp
2022-03-13T23:26:28.580929100+08:00 - transfer tcp packet error, unsupported ipv4 protocol IGMP 
2022-03-13T23:26:28.580953700+08:00 - transfer tcp packet error, tun not supported udp
2022-03-13T23:26:28.580977900+08:00 - transfer tcp packet error, tun not supported udp
2022-03-13T23:26:28.581003800+08:00 - transfer tcp packet error, unsupported ipv4 protocol IGMP 
2022-03-13T23:26:28.581028+08:00 - transfer tcp packet error, unsupported ipv4 protocol IGMP 
2022-03-13T23:26:28.581129+08:00 - transfer tcp packet error, tun not supported udp
2022-03-13T23:26:28.581180+08:00 - transfer tcp packet error, tun not supported udp
2022-03-13T23:26:28.581226600+08:00 - transfer tcp packet error, tun not supported udp
2022-03-13T23:26:28.581271900+08:00 - transfer tcp packet error, tun not supported udp
2022-03-13T23:26:28.581296900+08:00 - transfer tcp packet error, tun not supported udp
2022-03-13T23:26:28.581320700+08:00 - transfer tcp packet error, tun not supported udp
2022-03-13T23:26:28.581345300+08:00 - transfer tcp packet error, unsupported ipv4 protocol IGMP 
2022-03-13T23:26:28.581429300+08:00 - transfer tcp packet error, unsupported ipv4 protocol IGMP 
2022-03-13T23:26:28.581456800+08:00 - transfer tcp packet error, tun not supported udp
2022-03-13T23:26:28.581650+08:00 - transfer tcp packet error, tun not supported udp
2022-03-13T23:26:28.848408700+08:00 - transfer tcp packet error, tun not supported udp
2022-03-13T23:26:28.848843800+08:00 - transfer tcp packet error, tun not supported udp
2022-03-13T23:26:28.849439400+08:00 - transfer tcp packet error, tun not supported udp
2022-03-13T23:26:28.849798600+08:00 - transfer tcp packet error, tun not supported udp
2022-03-13T23:26:28.849864300+08:00 - transfer tcp packet error, tun not supported udp
2022-03-13T23:26:28.850221800+08:00 - transfer tcp packet error, tun not supported udp
2022-03-13T23:26:29.259808300+08:00 - transfer tcp packet error, tun not supported udp
2022-03-13T23:26:29.259911800+08:00 - transfer tcp packet error, tun not supported udp
2022-03-13T23:26:29.854681700+08:00 - transfer tcp packet error, tun not supported udp
2022-03-13T23:26:29.855687900+08:00 - transfer tcp packet error, tun not supported udp
2022-03-13T23:26:29.856683100+08:00 - transfer tcp packet error, tun not supported udp
2022-03-13T23:26:31.800549+08:00 - transfer tcp packet error, tun not supported udp
2022-03-13T23:26:37.880030800+08:00 - transfer tcp packet error, tun not supported udp
2022-03-13T23:26:37.881112700+08:00 - transfer tcp packet error, tun not supported udp
2022-03-13T23:26:37.882561800+08:00 - transfer tcp packet error, tun not supported udp
2022-03-13T23:26:37.883541400+08:00 - transfer tcp packet error, tun not supported udp
2022-03-13T23:26:37.883725500+08:00 - transfer tcp packet error, tun not supported udp
2022-03-13T23:26:37.884680200+08:00 - transfer tcp packet error, tun not supported udp
2022-03-13T23:26:38.300465200+08:00 - transfer tcp packet error, tun not supported udp
2022-03-13T23:26:38.300565+08:00 - transfer tcp packet error, tun not supported udp
2022-03-13T23:26:38.873240800+08:00 - transfer tcp packet error, tun not supported udp
2022-03-13T23:26:38.874273200+08:00 - transfer tcp packet error, tun not supported udp
2022-03-13T23:26:38.875257+08:00 - transfer tcp packet error, tun not supported udp
2022-03-13T23:26:38.876320400+08:00 - transfer tcp packet error, tun not supported udp
2022-03-13T23:26:46.415596800+08:00 - transfer tcp packet error, unsupported ipv4 protocol IGMP 
2022-03-13T23:26:46.415686700+08:00 - transfer tcp packet error, tun not supported udp
2022-03-13T23:26:46.425948300+08:00 - transfer tcp packet error, tun not supported udp
2022-03-13T23:26:46.426123100+08:00 - transfer tcp packet error, unsupported ipv4 protocol IGMP 
2022-03-13T23:26:46.427795500+08:00 - transfer tcp packet error, tun not supported udp
2022-03-13T23:26:46.428739100+08:00 - transfer tcp packet error, tun not supported udp
2022-03-13T23:26:46.430085+08:00 - transfer tcp packet error, tun not supported udp
2022-03-13T23:26:46.430634600+08:00 - transfer tcp packet error, tun not supported udp
2022-03-13T23:26:46.793385700+08:00 - transfer tcp packet error, unsupported ipv4 protocol IGMP 
2022-03-13T23:26:46.793480200+08:00 - transfer tcp packet error, tun not supported udp
